2025-05-15 02:20:21,693 - __main__ - DEBUG - Файл blocks\block3.json найден
2025-05-15 02:20:21,695 - __main__ - DEBUG - Загружено вопросов из файла: 50
2025-05-15 02:20:21,697 - __main__ - DEBUG - Добавлен вопрос: Когда я не знаю правильного ответа, я попробую о н...
2025-05-15 02:20:21,698 - __main__ - DEBUG - Добавлен вопрос: Мне нравится рассматривать предметы во всех деталя...
2025-05-15 02:20:21,700 - __main__ - DEBUG - Добавлен вопрос: Когда я чего-то не знаю, я всегда спрашиваю об это...
2025-05-15 02:20:21,701 - __main__ - DEBUG - Добавлен вопрос: Я не люблю планировать свои дела преждевременно...
2025-05-15 02:20:21,702 - __main__ - DEBUG - Добавлен вопрос: Если я собираюсь играть в какую-то игру, я должен ...
2025-05-15 02:20:21,703 - __main__ - DEBUG - Добавлен вопрос: Я люблю представлять что-то, что мне предстоит сде...
2025-05-15 02:20:21,704 - __main__ - DEBUG - Добавлен вопрос: Если у меня что-то не получается сразу, я буду дел...
2025-05-15 02:20:21,705 - __main__ - DEBUG - Добавлен вопрос: Я никогда не буду играть в такую игру, которую не ...
2025-05-15 02:20:21,706 - __main__ - DEBUG - Добавлен вопрос: Лучше делать всё привычным способом, чем искать но...
2025-05-15 02:20:21,707 - __main__ - DEBUG - Добавлен вопрос: Мне нравится выяснять, обстоит ли что-то так, как ...
2025-05-15 02:20:21,708 - __main__ - DEBUG - Добавлен вопрос: Я люблю открывать для себя новые виды деятельности...
2025-05-15 02:20:21,709 - __main__ - DEBUG - Добавлен вопрос: Мне всегда очень нравится заводить новых друзей...
2025-05-15 02:20:21,711 - __main__ - DEBUG - Добавлен вопрос: Я люблю представлять то, чего со мной никогда не б...
2025-05-15 02:20:21,712 - __main__ - DEBUG - Добавлен вопрос: Я никогда не мечтаю о том, что смогу стать известн...
2025-05-15 02:20:21,713 - __main__ - DEBUG - Добавлен вопрос: Иногда мои идеи так интересны мне, что я могу поза...
2025-05-15 02:20:21,714 - __main__ - DEBUG - Добавлен вопрос: Жить и работать на космической станции было бы гор...
2025-05-15 02:20:21,715 - __main__ - DEBUG - Добавлен вопрос: Когда я не знаю, что будет дальше, я начинаю нервн...
2025-05-15 02:20:21,717 - __main__ - DEBUG - Добавлен вопрос: Мне нравится всё необычное, всё то, что не похоже ...
2025-05-15 02:20:21,718 - __main__ - DEBUG - Добавлен вопрос: Часто я пытаюсь представить себе мысли других люде...
2025-05-15 02:20:21,719 - __main__ - DEBUG - Добавлен вопрос: Я люблю читать рассказы и смотреть передачи о собы...
2025-05-15 02:20:21,720 - __main__ - DEBUG - Добавлен вопрос: Я люблю обсуждать свои идеи вместе со своими друзь...
2025-05-15 02:20:21,721 - __main__ - DEBUG - Добавлен вопрос: Даже если я ошибаюсь или делаю что-то неправильно,...
2025-05-15 02:20:21,722 - __main__ - DEBUG - Добавлен вопрос: В будущем я бы хотел сделать нечто такое, чего ник...
2025-05-15 02:20:21,724 - __main__ - DEBUG - Добавлен вопрос: Я подбираю себе друзей, которые делают всё, как об...
2025-05-15 02:20:21,725 - __main__ - DEBUG - Добавлен вопрос: Меня часто не устраивают многие из существующих пр...
2025-05-15 02:20:21,726 - __main__ - DEBUG - Добавлен вопрос: Я люблю решать даже такие задачи, в которых нет пр...
2025-05-15 02:20:21,727 - __main__ - DEBUG - Добавлен вопрос: Есть много всего, с чем я хотел бы провести экспер...
2025-05-15 02:20:21,728 - __main__ - DEBUG - Добавлен вопрос: Если однажды я найду ответ на вопрос, я больше не ...
2025-05-15 02:20:21,730 - __main__ - DEBUG - Добавлен вопрос: Мне никогда не нравились публичные выступления...
2025-05-15 02:20:21,732 - __main__ - DEBUG - Добавлен вопрос: Во время чтения книги или просмотра фильма я предс...
2025-05-15 02:20:21,733 - __main__ - DEBUG - Добавлен вопрос: Мне нравится представлять, как жили люди в прошлом...
2025-05-15 02:20:21,735 - __main__ - DEBUG - Добавлен вопрос: Я не люблю, когда мои товарищи проявляют нерешител...
2025-05-15 02:20:21,736 - __main__ - DEBUG - Добавлен вопрос: Мне нравится разбирать старые коробки и чемоданы п...
2025-05-15 02:20:21,737 - __main__ - DEBUG - Добавлен вопрос: Я бы хотел, чтобы мои родители и наставники никогд...
2025-05-15 02:20:21,739 - __main__ - DEBUG - Добавлен вопрос: Я всегда стараюсь доверять своей интуиции и внутре...
2025-05-15 02:20:21,740 - __main__ - DEBUG - Добавлен вопрос: Мне нравится что-то предполагать, а затем поверять...
2025-05-15 02:20:21,742 - __main__ - DEBUG - Добавлен вопрос: Я люблю играть в игры, в которых нужно просчитыват...
2025-05-15 02:20:21,743 - __main__ - DEBUG - Добавлен вопрос: Мне всегда было интересно устройство различных мех...
2025-05-15 02:20:21,744 - __main__ - DEBUG - Добавлен вопрос: Мои лучшие друзья всегда критикуют глупые идеи...
2025-05-15 02:20:21,745 - __main__ - DEBUG - Добавлен вопрос: Мне нравится придумывать что-то, пусть даже это и ...
2025-05-15 02:20:21,747 - __main__ - DEBUG - Добавлен вопрос: Я люблю, когда всегда и везде соблюдается порядок...
2025-05-15 02:20:21,748 - __main__ - DEBUG - Добавлен вопрос: Я бы хотел искать ответы на вопросы, которые могут...
2025-05-15 02:20:21,750 - __main__ - DEBUG - Добавлен вопрос: Мне нравится делать что-то новое, чтобы узнать, чт...
2025-05-15 02:20:21,750 - __main__ - DEBUG - Добавлен вопрос: В любимые игры я играю ради удовольствия, а не что...
2025-05-15 02:20:21,751 - __main__ - DEBUG - Добавлен вопрос: Я люблю думать о чём-то таком, что никому ещё не п...
2025-05-15 02:20:21,753 - __main__ - DEBUG - Добавлен вопрос: Если я вижу картину, на которой кто-то изображён, ...
2025-05-15 02:20:21,754 - __main__ - DEBUG - Добавлен вопрос: Мне нравится перелистывать журналы и книги просто ...
2025-05-15 02:20:21,755 - __main__ - DEBUG - Добавлен вопрос: Мне кажется, что на многие вопросы можно дать один...
2025-05-15 02:20:21,757 - __main__ - DEBUG - Добавлен вопрос: Мне нравится спрашивать о чём-то таком, о чём друг...
2025-05-15 02:20:21,757 - __main__ - DEBUG - Добавлен вопрос: И на работе и дома у меня всегда есть много интере...
2025-05-15 02:20:21,759 - __main__ - DEBUG - Обработка блока 4: Взаимооценка
2025-05-15 02:20:21,776 - __main__ - DEBUG - Пытаемся загрузить файл: blocks\block4.json
2025-05-15 02:20:21,777 - __main__ - DEBUG - Файл blocks\block4.json найден
2025-05-15 02:20:21,778 - __main__ - DEBUG - Загружено вопросов из файла: 0
2025-05-15 02:20:21,779 - __main__ - DEBUG - Обработка блока 5: Воспроизводимость
2025-05-15 02:20:21,781 - __main__ - DEBUG - Пытаемся загрузить файл: blocks\block5.json
2025-05-15 02:20:21,782 - __main__ - DEBUG - Файл blocks\block5.json найден
2025-05-15 02:20:21,783 - __main__ - DEBUG - Загружено вопросов из файла: 0
2025-05-15 02:20:21,784 - __main__ - DEBUG - Обработка блока 6: Конформизм
2025-05-15 02:20:21,786 - __main__ - DEBUG - Пытаемся загрузить файл: blocks\block6.json
2025-05-15 02:20:21,787 - __main__ - DEBUG - Файл blocks\block6.json найден
2025-05-15 02:20:21,788 - __main__ - DEBUG - Загружено вопросов из файла: 0
2025-05-15 02:20:21,791 - __main__ - DEBUG - Обработка блока 7: Самооценка
2025-05-15 02:20:21,793 - __main__ - DEBUG - Пытаемся загрузить файл: blocks\block7.json
2025-05-15 02:20:21,794 - __main__ - DEBUG - Файл blocks\block7.json найден
2025-05-15 02:20:21,796 - __main__ - DEBUG - Загружено вопросов из файла: 8
2025-05-15 02:20:21,797 - __main__ - DEBUG - Добавлен вопрос: Научная литература (статьи, монографии) о новых ме...
2025-05-15 02:20:21,798 - __main__ - DEBUG - Добавлен вопрос: Русские и англоязычные сайты-форумы для обсуждений...
2025-05-15 02:20:21,799 - __main__ - DEBUG - Добавлен вопрос: Материалы конференций по тематике «Мобильная разра...
2025-05-15 02:20:21,800 - __main__ - DEBUG - Добавлен вопрос: Открытые репозитории и библиотеки с готовыми модел...
2025-05-15 02:20:21,801 - __main__ - DEBUG - Добавлен вопрос: Степень изучения английского языка...
2025-05-15 02:20:21,802 - __main__ - DEBUG - Добавлен вопрос: Знакомство с препроцессорами и сборщиками (LESS, S...
2025-05-15 02:20:21,803 - __main__ - DEBUG - Добавлен вопрос: Знакомство с методологией адаптивной отзывчивой вё...
2025-05-15 02:20:21,804 - __main__ - DEBUG - Добавлен вопрос: Владение шаблонизаторами, системами сборки и бандл...
2025-05-15 02:20:21,805 - __main__ - DEBUG - Обработка блока 8: Оценка рабочей группой
2025-05-15 02:20:21,809 - __main__ - DEBUG - Пытаемся загрузить файл: blocks\block8.json
2025-05-15 02:20:21,810 - __main__ - DEBUG - Файл blocks\block8.json найден
2025-05-15 02:20:21,811 - __main__ - DEBUG - Загружено вопросов из файла: 3
2025-05-15 02:20:21,812 - __main__ - DEBUG - Добавлен вопрос: Опыт...
2025-05-15 02:20:21,813 - __main__ - DEBUG - Добавлен вопрос: Заинтересованность в работе экспертной комиссии...
2025-05-15 02:20:21,814 - __main__ - DEBUG - Добавлен вопрос: Деловитость эксперта...
2025-05-15 02:20:21,819 - __main__ - DEBUG - Вопросы успешно добавлены в базу данных
2025-05-15 02:20:21,821 - __main__ - DEBUG - Инициализация базы данных завершена успешно
2025-05-15 02:20:21,822 - __main__ - DEBUG - База данных инициализирована успешно
2025-05-15 02:20:21,822 - __main__ - DEBUG - Запускаем скрипт заполнения тестовыми данными...
2025-05-15 02:20:23,205 - main_app - DEBUG - Импорт модулей выполнен успешно
2025-05-15 02:20:23,208 - main_app - DEBUG - Flask и SQLAlchemy инициализированы
2025-05-15 02:20:25,601 - __main__ - DEBUG - Тестовые данные успешно добавлены!
2025-05-15 02:20:27,105 - __main__ - DEBUG - Импорт модулей выполнен успешно
2025-05-15 02:20:27,107 - __main__ - DEBUG - Flask и SQLAlchemy инициализированы
2025-05-15 02:20:27,264 - __main__ - DEBUG - Запуск приложения...
2025-05-15 02:20:27,265 - __main__ - DEBUG - Начинаем инициализацию базы данных...
2025-05-15 02:20:27,266 - __main__ - DEBUG - Начинаем инициализацию базы данных...
2025-05-15 02:20:27,269 - __main__ - DEBUG - Создаем таблицы...
2025-05-15 02:20:27,305 - __main__ - DEBUG - Таблицы созданы успешно
2025-05-15 02:20:27,384 - __main__ - DEBUG - Эксперты успешно созданы!
